<?xml version="1.0" encoding="UTF-8"?>
<!-- Generated by org.testng.reporters.JUnitReportReporter -->
<testsuite hostname="Mypc" name="driverscipts.Keyword" tests="1" failures="0" timestamp="6 Mar 2017 06:50:55 GMT" time="63.367" errors="0">
  <testcase name="key" time="63.367" classname="driverscipts.Keyword"/>
</testsuite> <!-- driverscipts.Keyword -->
