<?xml version="1.0" encoding="UTF-8"?>
<!-- Generated by org.testng.reporters.JUnitReportReporter -->
<testsuite hostname="Mypc" name="testNG.PrimusBankLogin" tests="1" failures="0" timestamp="2 Mar 2017 06:55:51 GMT" time="6.746" errors="0">
  <testcase name="Login_App" time="6.746" classname="testNG.PrimusBankLogin"/>
</testsuite> <!-- testNG.PrimusBankLogin -->
