<?xml version="1.0" encoding="UTF-8"?>
<!-- Generated by org.testng.reporters.JUnitReportReporter -->
<testsuite hostname="Mypc" name="testNG.UserRegTest" tests="1" failures="0" timestamp="3 Mar 2017 06:38:35 GMT" time="8.435" errors="0">
  <testcase name="org_userreg" time="8.435" classname="testNG.UserRegTest"/>
</testsuite> <!-- testNG.UserRegTest -->
