<?xml version="1.0" encoding="UTF-8"?>
<!-- Generated by org.testng.reporters.JUnitReportReporter -->
<testsuite hostname="Mypc" name="driverscipts.Hybrid" tests="1" failures="0" timestamp="6 Mar 2017 07:01:06 GMT" time="61.690" errors="0">
  <testcase name="driver" time="61.690" classname="driverscipts.Hybrid"/>
</testsuite> <!-- driverscipts.Hybrid -->
