<?xml version="1.0" encoding="UTF-8"?>
<!-- Generated by org.testng.reporters.JUnitReportReporter -->
<testsuite hostname="Mypc" name="testNG.BasicAnnotationsEg" tests="3" failures="0" timestamp="2 Mar 2017 06:42:22 GMT" time="0.054" errors="0">
  <testcase name="a" time="0.011" classname="testNG.BasicAnnotationsEg"/>
  <testcase name="Function2" time="0.011" classname="testNG.BasicAnnotationsEg"/>
  <testcase name="Function1" time="0.032" classname="testNG.BasicAnnotationsEg"/>
</testsuite> <!-- testNG.BasicAnnotationsEg -->
