<?xml version="1.0" encoding="UTF-8"?>
<!-- Generated by org.testng.reporters.JUnitReportReporter -->
<testsuite hostname="Mypc" name="pom.LoginTC" tests="1" failures="0" timestamp="7 Mar 2017 06:42:45 GMT" time="13.872" errors="0">
  <testcase name="login" time="13.872" classname="pom.LoginTC"/>
</testsuite> <!-- pom.LoginTC -->
