<?xml version="1.0" encoding="UTF-8"?>
<!-- Generated by org.testng.reporters.JUnitReportReporter -->
<testsuite hostname="Mypc" name="testNG.EmpRegTest" tests="3" failures="0" timestamp="3 Mar 2017 06:47:39 GMT" time="14.550" errors="0">
  <testcase name="org_Empreg" time="5.232" classname="testNG.EmpRegTest"/>
  <testcase name="org_Empreg" time="4.777" classname="testNG.EmpRegTest"/>
  <testcase name="org_Empreg" time="4.541" classname="testNG.EmpRegTest"/>
</testsuite> <!-- testNG.EmpRegTest -->
